<?xml version="1.0" encoding="UTF-8"?>
<testng-results ignored="0" total="2" passed="2" failed="0" skipped="0">
  <reporter-output>
  </reporter-output>
  <suite started-at="2025-01-30T15:13:13 EST" name="Surefire suite" finished-at="2025-01-30T15:13:20 EST" duration-ms="6975">
    <groups>
    </groups>
    <test started-at="2025-01-30T15:13:13 EST" name="Surefire test" finished-at="2025-01-30T15:13:20 EST" duration-ms="6975">
      <class name="com.api.automation.tests.PostResquestTest">
        <test-method is-config="true" signature="setup()[pri:0, instance:com.api.automation.tests.PostResquestTest@3a44431a]" started-at="2025-01-30T15:13:19 EST" name="setup" finished-at="2025-01-30T15:13:19 EST" duration-ms="3" status="PASS">
          <reporter-output>
          </reporter-output>
        </test-method> <!-- setup -->
        <test-method signature="testCreateUser()[pri:0, instance:com.api.automation.tests.PostResquestTest@3a44431a]" started-at="2025-01-30T15:13:19 EST" name="testCreateUser" finished-at="2025-01-30T15:13:20 EST" duration-ms="917" status="PASS">
          <reporter-output>
          </reporter-output>
        </test-method> <!-- testCreateUser -->
      </class> <!-- com.api.automation.tests.PostResquestTest -->
      <class name="com.api.automation.tests.GetRequestTest">
        <test-method is-config="true" signature="setup()[pri:0, instance:com.api.automation.tests.GetRequestTest@37d4349f]" started-at="2025-01-30T15:13:13 EST" name="setup" finished-at="2025-01-30T15:13:14 EST" duration-ms="1293" status="PASS">
          <reporter-output>
          </reporter-output>
        </test-method> <!-- setup -->
        <test-method signature="testGetUser()[pri:0, instance:com.api.automation.tests.GetRequestTest@37d4349f]" started-at="2025-01-30T15:13:14 EST" name="testGetUser" finished-at="2025-01-30T15:13:19 EST" duration-ms="4158" status="PASS">
          <reporter-output>
          </reporter-output>
        </test-method> <!-- testGetUser -->
      </class> <!-- com.api.automation.tests.GetRequestTest -->
    </test> <!-- Surefire test -->
  </suite> <!-- Surefire suite -->
</testng-results>
