<?xml version="1.0" encoding="UTF-8"?>
<testng-results ignored="0" total="1" passed="1" failed="0" skipped="0">
  <reporter-output>
  </reporter-output>
  <suite started-at="2025-01-29T20:13:57 EST" name="Default suite" finished-at="2025-01-29T20:14:02 EST" duration-ms="5001">
    <groups>
    </groups>
    <test started-at="2025-01-29T20:13:57 EST" name="Default test" finished-at="2025-01-29T20:14:02 EST" duration-ms="5001">
      <class name="com.api.automation.tests.PostResquestTest">
        <test-method is-config="true" signature="setup()[pri:0, instance:com.api.automation.tests.PostResquestTest@515c6049]" started-at="2025-01-29T20:13:57 EST" name="setup" finished-at="2025-01-29T20:13:58 EST" duration-ms="1294" status="PASS">
          <reporter-output>
          </reporter-output>
        </test-method> <!-- setup -->
        <test-method signature="testCreateUser()[pri:0, instance:com.api.automation.tests.PostResquestTest@515c6049]" started-at="2025-01-29T20:13:58 EST" name="testCreateUser" finished-at="2025-01-29T20:14:02 EST" duration-ms="3612" status="PASS">
          <reporter-output>
          </reporter-output>
        </test-method> <!-- testCreateUser -->
      </class> <!-- com.api.automation.tests.PostResquestTest -->
    </test> <!-- Default test -->
  </suite> <!-- Default suite -->
</testng-results>
